提交日志, 用于记录某个时间段的想法以及已实现的内容

2021.01.27
1. 增加redis支持, 使用的redisson客户端工具, 说实话这个工具封装的还算强大, 但是代码写的很一般

2021.02.22
1. 资源管理已经支持, 新增资源服务器端比较容易
2. 武将管理未完全支持, 只是做了基本结构
3. 任务处理器已经完全支持, 一套逻辑所有任务模块使用
4. 战斗逻辑未完全支持, 没想好做什么类型的游戏, 所以只是做了属性树
5. 聊天逻辑, 写了几套, 目前这套最不理想, 后续需要修改
6. 2021.01.08的遗留问题项已经处理完成, 但是牺牲了部分性能, 不能对同一对象进行覆盖入库, 需要逐个入库, 这个可以想办法优化
7. 2021.01.27的遗留项, 最后放弃使用了redisson客户端工具, 使用lettuce客户端工具.已经封装好随时可以用. 在持久层支持redis操作


2021.02.25
1. 完成:使用dubbo作为RPC首选项, 在网络层支持RPC调用, 新增coral-api作为抽象接口工程
2. 完成:新增coral-test工程, 用于rpc测试客户端, 目前rpc连接测试已经调试成功
3. 预计完成: 减负, 剔除掉服务器工程多余的第三方依赖包, 目前启动时间增加了60%, 优化项目启动速度!
4. 预计完成: 压力测试, 查看线程量是否超过了指定数量.

2021.02.26
1. 今天发现使用springboot-dubbo依赖包,移动后对象的依赖变成了dubbo管理, spring无法代理, 提示大量如下错误,
 Bean 'io.dubbo.springboot.DubboAutoConfiguration' of type 
 [io.dubbo.springboot.DubboAutoConfiguration$$EnhancerBySpringCGLIB$$bb51a857] 
 is not eligible for getting processed by all BeanPostProcessors 
 (for example: not eligible for auto-proxying)
在网上查阅资料得知, 业务bean在BeanPostProcessors(BPP)实例化前被实例化了。理想情况下应该让spring先实例化所有的BPP后，再实例化我们的业务bean，
这样业务bean才能被所有BPP处理，如果有业务bean先于任何BPP实例化，那么这个业务bean就不会被还未实例化的BPP处理了，这个就是日志提示的原因。

尝试了网上几种解决方法, 并不能解决实质问题, 我这里产生的原因就是, 只要集成了springboot-dubbo 并且扫描业务service就会出现此问题
最終解決方法：springboot-dubbo改为了apache-dubbo依赖, 解决了代理问题

2021.03.21
1. 删掉了pojo上的@repository注解, pojo不让spring去做代理
2. 增加了排行榜的实现, 增加了公共线程池的使用

2021.03.25
1. 预计增加kafka的支持, 用于流日志处理
2. 预计在网络层增加KCP支持,
3. 增加邮件的业务功能
4. 整理代码接口, 使EntityPo丢进每个模块内, 不独立出来
5. 代码生成器模板文件修改, 包含路径修改, 错误修改


2021.03.30
1. 干掉了服务器所有@Order相关的注解, 以@DependsOn的方式处理注入依赖顺序
2. 整理ConfigManager类加载的代码, 废弃了老一套的ConfigManager的使用.目前ConfigManager支持本地json和远程json的读取, 但是使用者完全不需要特殊区分.
加载顺序思考,加载流程应当如下
1.1 系统环境级别: class文件扫描, 系统配置文件注入, spring上下文准备就绪
1.2 游戏环境级别: 配置文件加载, mysql, redis, zk连接
1.3 游戏业务级别: 游戏业务模块的注入

2021.04.01
Springboot的注入顺序，是先注入最外层目录的组件，依次向内扫描注入， 所以同级目录下可以使用order排序,不同目录下order无法排序
如果业务层没有使用spring上下文去获取bean,一般来说, spring的注入是没有问题的, 可以帮我们解决依赖问题, 如果用到了spring上下文, 我们依旧可以
使用dependsOn注解来解决注入的依赖问题, 也可以延时拿数据.

现在项目分层中, 有大部分业务逻辑在Domain层实现, Domain非单例, 要获取某些组件的数据时, 暂时依靠Spring上下文去获取, 所以这种做法, 如果没有设定好启动顺序, 初始化项目
会出现null异常. 这一点是让人非常恼火的.

解决方式如下:

1.根据目录去做加载
- App

--admin //API for http 

--common //SYSTEM level loading

----DataComponent.java		//Datasource loading
----RedisComponent.java 	//Datasource loading
----ServerConfig.java   	//Properties loading
----ServerConstant.java 	//Static constant
----ServerStartOrdered.java //Order for Component
----SpringContextHolder.java //Spring context
----UniqueIdGenerater.java	//UUid

--core //LOGIC_INITIALIZATION level loading
---- config		//Json loading
---- event		//Event loading
---- task		//Task loading

--game //LOGIC level loading

--utils


今天的项目, 会打tag, 做一个分支, 新的分支, 不再使用Springboot作为依赖框架, 仅仅是依赖Spring.


2021.05.06
1. 项目已经完全剔除springboot, 仅依赖spring-context.
2. 项目移除掉了manager, service, controller分层, 这些组件放在同一模块下, 并且不定义为public类型, 弱化组件之间的调用关系,
3. 机器人模块的完善, 预计在未来使用机器人做压测
4. GM命令相关重写, 完善其设计结构, 更加的优雅

2021.05.25
1. 新增Group抽象管理, 主要抽象出了家族, 组队相关操作.
2. 新增组队, 家族基础功能(权限管理, 进入家族, 退出家族, 申请进入家族, 审批等通用操作)
3. orm层整理, 梳理了结构, 对于索引查询, 主键查询的支持更加友好

2021.08.04
1. 考虑基于grpc,zk实现一套远程调用,可以参考dubbo实现
2. 实现远程调用后, 剔除掉dubbo.

2021.09.14
1. 基本完成bi-rpc双向rpc框架的开发, 并且集成到了服务器当中, 移除掉了dubbo 已完成
2. 考虑新增加一套活动系统的实现

2021.10.20
1. 活动系统实现基本完成, 整理排行榜代码, 对排行榜内使用阻塞的方式保证线程安全, 很不爽, 但是又没有找到解决办法 暂时继续使用阻塞线程池
2. 打算整理一套新的线程模型, 能保证基本的线程安全外, 能支持异步回调-考虑akka, rxjava 不考虑了
3. 新增加影子系统, 用于记录玩家的共享数据, 可以被其他玩家查看到的数据 完成

2021.10.21
1. 需要继续优化配置类, zson等工具, 要做到可以自定义接口 未完成
2. 基于活动系统, 新增'战令'活动, 验证活动架构的合理性.

2021.10.29
1.cat-api工程, 不单单是一个接口工程, 升级为公共依赖工程,不同节点的公共代码, 放在这里
2.线程模型, 目前的定时任务框架存在异步并发情况, 要处理这个情况
3.增加了跨服排行模块, 跨服排行榜作为单独的一个工程存在, 实现了全game节点排行逻辑
4.考虑把game节点里面的业务逻辑迁移到api工程, 真正意义上实现子节点依赖实现业务即可

2021.11.28
1. 群邮件,个人邮件明确其定义, 群邮件由后台发送的全服邮件, 个人邮件为游戏内的系统共能发出的邮件, 以及后台单独发出的邮件, 重新设计邮件接口. 改了半个月终于改好了.1
2. 后台系统搭建成功, 实现了邮件管理操作.

2021.12.19
1. Domain抽象接口, 新增接口, 用于区分不同情况从缓存获取域.
2. 新增资源回收模块, 用于背包, 活动背包相关的资源回收逻辑.
3. 新增dsl支持, 用于支持配置表自定义策略, 在资源回收配置, 活动开启时间控制配置简单验证通过测试
4. 再次遇到fastjson的bug, 第3次尝试游戏功能剔除fastjson失败, 后台系统完成剔除fastjson, 使用jackson作为序列化工具

2022.01.10
1. 修改完善业务逻辑层的生命周期控制, 在销毁组件时, 按照倒叙的顺序销毁组件, 公共模块使用了线程池的地方, 在销毁时在公共线程池内新增一个存储任务, 解决了线程安全问题.
2. 任务相关内容没有处理好, 任务数据下发相关, 应该统一一条任务类型的协议去处理, 当前没有定义任务相关协议. 并且任务的Handler处理,需要统一由任务事件监听,
处理任务数据, 现在每个需要任务的模块需要单独监听事件处理任务(这样处理也没问题, 但是相对起来较繁琐)

2022.01.28
1. 活动类对象数据结构整理, 原先设计为了省事把活动玩家数据, 活动背包数据, 活动任务数据都挂在了活动对象上, 最终存储到对应表字段上
现在把活动背包, 活动玩家数据拆出来, 独立出来对应的活动玩家对象, 用于存储当前玩家的活动数据, 独立出来活动背包模块, 用于管理玩家所有活动背包道具.

2022.02.09
1. 活动背包, 活动道具/普通资源回收整理完毕, 当前实现思路:
1.1 修改回收模块生命周期, 回收模块设定为全局模块, 跟着游戏的生命周期. 回收模块处理游戏内的所有可回收资源回收.活动资源在活动结束时进行回收, 普通资源回收策略依赖客户端(类似收菜)
1.2 考虑弃用活动背包模块. 活动道具也丢背包, 不细分背包, 不单独存放活动道具





