
1.0版本 计划
对协议生成工具进行了重写. 支持功能如下
1.svn基础操作, 包括提交更新, checkout等
2.支持代码生成, 下载
3.支持在线编辑模块, 协议, 生成协议等基础功能
4.mysql作为数据源, 映射成javabean

协议数据结构定义
1. 每个模块=模块基础信息+协议, 然后每个模块单独生成模块信息类. 已处理
2. 模块信息, 协议信息, 协议号分开, 通过模块名互相关联, 总共分为三个文件作为协议生成的数据存储结构.
第一种方式数据结构比较好一点, 但是在这里选择第二种方式, 想尝试用这种方式做一下. 已处理

 现在生成代码跟生成协议无法区分, 生成代码需要数据库表表的支持, 导致辅助, 公共模块的协议无法正常生成
  解决方案:
  生成协议=提交proto结构+生成proto文件+生成proto协议
  生成代码=生成服务器代码, 除协议外 已处理

2.0 版本 计划
1.已经支持自定义表作为数据源
2.支持在线编辑模板, 创建ftl模板, 生成指定代码.
3.支持自定义proto细节信息, 包括请求协议, 响应协议, 协议对象的构成.
4.支持多种协议号的生成, 包括自定义协议号, 按照制定规则生成协议号.


3.0 版本计划
1. 新增终端控制, 以及根据终端生成对应端协议号
2. 重构代码, 解耦代码, 尤其要把ModuleController内的代码分离出来
3. 整理目录结构, 对用户级的配置, 规划清晰含义明确.
4. zproto独立于项目, 单独出去

4.0 版本计划
1. 实现多项目管理控制, 管理多项目内容
2. 增加git操作支持
3. 增加mongo操作支持
4. svn增加版本划分工具, 一键划分目录版本
5.

